# JRE version: Java(TM) SE Runtime Environment (23.0.2+7) (build 23.0.2+7-58)
# Java VM: Java HotSpot(TM) 64-Bit Server VM (23.0.2+7-58, mixed mode, sharing, tiered, compressed oops, compressed class ptrs, g1 gc, linux-amd64)
GC Precious Log:
 CardTable entry size: 512
 Card Set container configuration: InlinePtr #cards 5 size 8 Array Of Cards #cards 10 size 36 Howl #buckets 4 coarsen threshold 1843 Howl Bitmap #cards 512 size 80 coarsen threshold 460 Card regions per heap region 1 cards per card region 2048
 CPUs: 4 total, 4 available
 Memory: 7831M
 Large Page Support: Disabled
 NUMA Support: Disabled
 Compressed Oops: Enabled (32-bit)
 Heap Region Size: 1M
 Heap Min Capacity: 8M
 Heap Initial Capacity: 124M
 Heap Max Capacity: 1958M
 Pre-touch: Disabled
 Parallel Workers: 4
 Concurrent Workers: 1
 Concurrent Refinement Workers: 4
 Periodic GC: Disabled
Heap:
 garbage-first heap   total reserved 2004992K, committed 45056K, used 26221K [0x0000000085a00000, 0x0000000100000000)
  region size 1024K, 14 young (14336K), 3 survivors (3072K)
 Metaspace       used 32120K, committed 32576K, reserved 1114112K
  class space    used 4169K, committed 4352K, reserved 1048576K
GC Heap History (6 events):
Event: 1.606 GC heap before
{Heap before GC invocations=0 (full 0):
 garbage-first heap   total reserved 2004992K, committed 129024K, used 14459K [0x0000000085a00000, 0x0000000100000000)
  region size 1024K, 14 young (14336K), 0 survivors (0K)
 Metaspace       used 4670K, committed 4864K, reserved 1114112K
  class space    used 546K, committed 640K, reserved 1048576K
}
Event: 1.630 GC heap after
{Heap after GC invocations=1 (full 0):
 garbage-first heap   total reserved 2004992K, committed 129024K, used 5275K [0x0000000085a00000, 0x0000000100000000)
  region size 1024K, 2 young (2048K), 2 survivors (2048K)
 Metaspace       used 4670K, committed 4864K, reserved 1114112K
  class space    used 546K, committed 640K, reserved 1048576K
}
Event: 2.161 GC heap before
{Heap before GC invocations=1 (full 0):
 garbage-first heap   total reserved 2004992K, committed 129024K, used 16539K [0x0000000085a00000, 0x0000000100000000)
  region size 1024K, 13 young (13312K), 2 survivors (2048K)
 Metaspace       used 7690K, committed 8000K, reserved 1114112K
  class space    used 929K, committed 1088K, reserved 1048576K
}
Event: 2.167 GC heap after
{Heap after GC invocations=2 (full 0):
 garbage-first heap   total reserved 2004992K, committed 129024K, used 6142K [0x0000000085a00000, 0x0000000100000000)
  region size 1024K, 1 young (1024K), 1 survivors (1024K)
 Metaspace       used 7690K, committed 8000K, reserved 1114112K
  class space    used 929K, committed 1088K, reserved 1048576K
}
Event: 3.112 GC heap before
{Heap before GC invocations=2 (full 0):
 garbage-first heap   total reserved 2004992K, committed 129024K, used 36862K [0x0000000085a00000, 0x0000000100000000)
  region size 1024K, 32 young (32768K), 1 survivors (1024K)
 Metaspace       used 15711K, committed 16064K, reserved 1114112K
  class space    used 1966K, committed 2112K, reserved 1048576K
}
Event: 3.121 GC heap after
{Heap after GC invocations=3 (full 0):
 garbage-first heap   total reserved 2004992K, committed 129024K, used 8411K [0x0000000085a00000, 0x0000000100000000)
  region size 1024K, 4 young (4096K), 4 survivors (4096K)
 Metaspace       used 15711K, committed 16064K, reserved 1114112K
  class space    used 1966K, committed 2112K, reserved 1048576K
}

